<?xml version="1.0" encoding="utf-8"?>
<CoverageSession>
  <Summary numSequencePoints="7" visitedSequencePoints="7" numBranchPoints="6" visitedBranchPoints="6" sequenceCoverage="100" branchCoverage="100" maxCyclomaticComplexity="6" minCyclomaticComplexity="6" visitedClasses="1" numClasses="1" visitedMethods="1" numMethods="1" />
  <Modules>
    <Module hash="93302BBA-967D-4531-910D-8176C72E8574">
      <ModulePath>Leonardo.dll</ModulePath>
      <ModuleTime>2024-11-20T01:22:30</ModuleTime>
      <ModuleName>Leonardo</ModuleName>
      <Files>
        <File uid="1" fullPath="C:\.NET\src\Leonardo\Fibonacci.cs" />
      </Files>
      <Classes>
        <Class>
          <Summary numSequencePoints="7" visitedSequencePoints="7" numBranchPoints="6" visitedBranchPoints="6" sequenceCoverage="100" branchCoverage="100" maxCyclomaticComplexity="6" minCyclomaticComplexity="6" visitedClasses="1" numClasses="1" visitedMethods="1" numMethods="1" />
          <FullName>Leonardo.Fibonacci</FullName>
          <Methods>
            <Method cyclomaticComplexity="6" nPathComplexity="6" sequenceCoverage="100" branchCoverage="100" isConstructor="False" isGetter="False" isSetter="False" isStatic="True">
              <Summary numSequencePoints="7" visitedSequencePoints="7" numBranchPoints="6" visitedBranchPoints="6" sequenceCoverage="100" branchCoverage="100" maxCyclomaticComplexity="6" minCyclomaticComplexity="6" visitedClasses="0" numClasses="0" visitedMethods="1" numMethods="1" />
              <MetadataToken />
              <Name>System.Int32 Leonardo.Fibonacci::GetNthTerm(System.Int32)</Name>
              <FileRef uid="1" />
              <SequencePoints>
                <SequencePoint vc="212" uspid="6" ordinal="0" sl="6" sc="1" el="6" ec="2" bec="0" bev="0" fileid="1" />
                <SequencePoint vc="212" uspid="7" ordinal="1" sl="7" sc="1" el="7" ec="2" bec="2" bev="2" fileid="1" />
                <SequencePoint vc="1" uspid="8" ordinal="2" sl="8" sc="1" el="8" ec="2" bec="0" bev="0" fileid="1" />
                <SequencePoint vc="253" uspid="9" ordinal="3" sl="9" sc="1" el="9" ec="2" bec="2" bev="2" fileid="1" />
                <SequencePoint vc="236" uspid="10" ordinal="4" sl="10" sc="1" el="10" ec="2" bec="2" bev="2" fileid="1" />
                <SequencePoint vc="102" uspid="12" ordinal="5" sl="12" sc="1" el="12" ec="2" bec="0" bev="0" fileid="1" />
                <SequencePoint vc="211" uspid="13" ordinal="6" sl="13" sc="1" el="13" ec="2" bec="0" bev="0" fileid="1" />
              </SequencePoints>
              <BranchPoints>
                <BranchPoint vc="1" uspid="7" ordinal="0" path="0" offset="7" offsetend="9" sl="7" fileid="1" />
                <BranchPoint vc="211" uspid="7" ordinal="1" path="1" offset="7" offsetend="20" sl="7" fileid="1" />
                <BranchPoint vc="42" uspid="9" ordinal="2" path="0" offset="26" offsetend="28" sl="9" fileid="1" />
                <BranchPoint vc="169" uspid="9" ordinal="3" path="1" offset="26" offsetend="32" sl="9" fileid="1" />
                <BranchPoint vc="67" uspid="10" ordinal="4" path="0" offset="38" offsetend="40" sl="10" fileid="1" />
                <BranchPoint vc="102" uspid="10" ordinal="5" path="1" offset="38" offsetend="44" sl="10" fileid="1" />
              </BranchPoints>
              <MethodPoint vc="7" uspid="0" p8:type="SequencePoint" ordinal="0" offset="0" sc="0" sl="6" ec="1" el="13" bec="0" bev="0" fileid="1" xmlns:p8="xsi" />
            </Method>
          </Methods>
        </Class>
      </Classes>
    </Module>
  </Modules>
</CoverageSession>